<?xml version="1.0" encoding="UTF-8"?>
<coverage generated="1718837306894" clover="3.2.0">
  <project timestamp="1718837306894" name="All files">
    <metrics statements="23" coveredstatements="21" conditionals="1" coveredconditionals="1" methods="5" coveredmethods="4" elements="29" coveredelements="26" complexity="0" loc="23" ncloc="23" packages="2" files="2" classes="2"/>
    <package name="src">
      <metrics statements="17" coveredstatements="17" conditionals="1" coveredconditionals="1" methods="4" coveredmethods="4"/>
      <file name="app.ts" path="/Users/amar/Projects/Dorothy/fullstack-testing/src/app.ts">
        <metrics statements="17" coveredstatements="17" conditionals="1" coveredconditionals="1" methods="4" coveredmethods="4"/>
        <line num="1" count="1" type="stmt"/>
        <line num="4" count="1" type="stmt"/>
        <line num="5" count="1" type="stmt"/>
        <line num="7" count="1" type="stmt"/>
        <line num="9" count="1" type="stmt"/>
        <line num="13" count="2" type="stmt"/>
        <line num="14" count="2" type="stmt"/>
        <line num="15" count="2" type="cond" truecount="1" falsecount="0"/>
        <line num="16" count="1" type="stmt"/>
        <line num="17" count="1" type="stmt"/>
        <line num="20" count="1" type="stmt"/>
        <line num="27" count="1" type="stmt"/>
        <line num="32" count="1" type="stmt"/>
        <line num="33" count="1" type="stmt"/>
        <line num="35" count="1" type="stmt"/>
        <line num="41" count="1" type="stmt"/>
        <line num="44" count="1" type="stmt"/>
      </file>
    </package>
    <package name="src.routes">
      <metrics statements="6" coveredstatements="4" conditionals="0" coveredconditionals="0" methods="1" coveredmethods="0"/>
      <file name="user.routes.ts" path="/Users/amar/Projects/Dorothy/fullstack-testing/src/routes/user.routes.ts">
        <metrics statements="6" coveredstatements="4" conditionals="0" coveredconditionals="0" methods="1" coveredmethods="0"/>
        <line num="1" count="1" type="stmt"/>
        <line num="3" count="1" type="stmt"/>
        <line num="5" count="1" type="stmt"/>
        <line num="6" count="0" type="stmt"/>
        <line num="7" count="0" type="stmt"/>
        <line num="10" count="1" type="stmt"/>
      </file>
    </package>
  </project>
</coverage>
