TN:
SF:src/app.ts
FN:13,(anonymous_8)
FN:13,(anonymous_9)
FN:32,(anonymous_10)
FN:32,(anonymous_11)
FNF:4
FNH:4
FNDA:2,(anonymous_8)
FNDA:2,(anonymous_9)
FNDA:1,(anonymous_10)
FNDA:1,(anonymous_11)
DA:1,1
DA:4,1
DA:5,1
DA:7,1
DA:9,1
DA:13,2
DA:14,2
DA:15,2
DA:16,1
DA:17,1
DA:20,1
DA:27,1
DA:32,1
DA:33,1
DA:35,1
DA:41,1
DA:44,1
LF:17
LH:17
BRDA:15,0,0,1
BRF:1
BRH:1
end_of_record
TN:
SF:src/routes/user.routes.ts
FN:5,(anonymous_0)
FNF:1
FNH:0
FNDA:0,(anonymous_0)
DA:1,1
DA:3,1
DA:5,1
DA:6,0
DA:7,0
DA:10,1
LF:6
LH:4
BRF:0
BRH:0
end_of_record
